<?xml version="1.0" encoding="UTF-8"?>
<testng-results ignored="0" total="1" passed="1" failed="0" skipped="0">
  <reporter-output>
  </reporter-output>
  <suite started-at="2023-06-16T19:17:54 IST" name="Default suite" finished-at="2023-06-16T19:19:54 IST" duration-ms="120463">
    <groups>
    </groups>
    <test started-at="2023-06-16T19:17:54 IST" name="Default test" finished-at="2023-06-16T19:19:54 IST" duration-ms="120463">
      <class name="com.demo.web.amazon.Amazon_Automation_TC_01">
        <test-method signature="test()[pri:0, instance:com.demo.web.amazon.Amazon_Automation_TC_01@209da20d]" started-at="2023-06-16T19:17:54 IST" name="test" finished-at="2023-06-16T19:19:54 IST" duration-ms="120406" status="PASS">
          <reporter-output>
          </reporter-output>
        </test-method> <!-- test -->
      </class> <!-- com.demo.web.amazon.Amazon_Automation_TC_01 -->
    </test> <!-- Default test -->
  </suite> <!-- Default suite -->
</testng-results>
